2014-Sep-24 13:13:37 Наличие необходимых модулей php (check_php_modules): Ok
Все необходимые модули установлены
2014-Sep-24 13:13:37 Обязательные параметры PHP (check_php_settings): Fail
Ошибка! Значение max_input_vars должно быть не ниже 10000. Текущее значение: 1000
2014-Sep-24 13:13:37 Модули веб-сервера (check_security): Ok
Конфликтов не выявлено
2014-Sep-24 13:13:37 Значения переменных сервера (check_server_vars): Ok
Корректные
2014-Sep-24 13:13:38 Сохранение сессии (check_session): Ok
50% done
2014-Sep-24 13:13:38 Сохранение сессии (check_session): Ok
Успешно
2014-Sep-24 13:13:38 Параметры настройки UTF (mbstring и константа BX_UTF) (check_mbstring): Ok
Правильные. Сайт работает в UTF кодировке
2014-Sep-24 13:13:39 Работа с сокетами (check_socket): Ok
Connection to 29volt.ru:80	Success

Успешно
2014-Sep-24 13:13:39 Лишний вывод в файлах конфигурации (check_dbconn): Ok
Connection to 29volt.ru:80	Success

Успешно
2014-Sep-24 13:13:39 Выполнение агентов на cron (check_bx_crontab): Warning
Замечание. Агенты выполняются на хитах, рекомендуется перевести выполнение агентов на cron
2014-Sep-24 13:13:40 Сохранение сессии без UserAgent (check_session_ua): Ok
50% done
Connection to 29volt.ru:80	Success

2014-Sep-24 13:13:40 Сохранение сессии без UserAgent (check_session_ua): Ok
Connection to 29volt.ru:80	Success

Успешно
2014-Sep-24 13:13:40 Настройки сайтов (check_sites): Ok
Правильные
2014-Sep-24 13:13:40 Служебные скрипты в корне сайта (check_install_scripts): Ok
Отсутствуют
2014-Sep-24 13:13:40 Передача объектов по ссылке (check_clone): Ok
Успешно
2014-Sep-24 13:13:40 Размер стека и pcre.recursion_limit (check_pcre_recursion): Ok
Connection to 29volt.ru:80	Success

Успешно
2014-Sep-24 13:13:41 Вызов method_exists на строке (check_method_exists): Fail
Connection to 29volt.ru:80	Success
== Request ==
GET /bitrix/admin/site_checker.php?test_type=method_exists&unique_id=6172135d4bd4d66761a23ca3afd68b11 HTTP/1.1
Host: 29volt.ru


== Response ==
HTTP/1.1 500 Internal Server Error
Server: nginx
Date: Wed, 24 Sep 2014 09:13:41 GMT
Content-Type: text/html; charset=utf-8
Connection: keep-alive
Accept-Ranges: bytes
Content-Length: 3657

== Body ==
<!DOCTYPE html><html lang="en"><head><meta charset="UTF-8"><title>Внутренняя ошибка</title><link rel="stylesheet" media="all" href="/hosting_static_500/style.css"><link rel="icon" href="/hosting_static_500/favicon.ico" type="image/x-icon"><script src="/hosting_static_500/modernizr.js"></script><!--[if lt IE 9]><script src="/hosting_static_500/html5shiv.js"></script><![endif]--></head><body class="b-page"><header class="b-header-parking"><div class="b-parking__grid b-page__content-wrapper"><div class="b-parking__left-side"><div class="b-header-parking__content b-header-parking__content-logo"><div class="l-overflow"><div class="b-header-parking__name"><strong class="b-header-parking__title"><span class="j_dname"></span></strong> <em class="b-header-parking__desc">Сайт обслуживается в REG.RU</em></div></div></div></div><div class="b-parking__divider"></div><div class="b-parking__right-side b-menu-external"><a href="https://www.reg.ru/" class="b-menu-exter ... (3657 bytes)
==========

Ошибка! Не работает
2014-Sep-24 13:13:42 Загрузка файла (check_upload): Ok
Connection to 29volt.ru:80	Success

Успешно
2014-Sep-24 13:13:43 Загрузка файла больше 4Мб (check_upload_big): Ok
Connection to 29volt.ru:80	Success

Успешно
2014-Sep-24 13:13:43 Загрузка файла через php://input (check_upload_raw): Ok
Connection to 29volt.ru:80	Success

Успешно
2014-Sep-24 13:13:43 Передача POST запроса с большим числом параметров (check_post): Ok
Connection to 29volt.ru:80	Success

Успешно
2014-Sep-24 13:13:43 Отправка почты (check_mail): Ok
Успешно
2014-Sep-24 13:13:44 Отправка почтового сообщения больше 64Кб (check_mail_big): Ok
Успешно
2014-Sep-24 13:13:44 Проверка на наличие неотправленных сообщений (check_mail_b_event): Ok
Успешно
2014-Sep-24 13:13:44 Внутреннее перенаправление (функция LocalRedirect) (check_localredirect): Ok
50% done
Connection to 29volt.ru:80	Success

2014-Sep-24 13:13:44 Внутреннее перенаправление (функция LocalRedirect) (check_localredirect): Ok
Connection to 29volt.ru:80	Success

Успешно
2014-Sep-24 13:13:45 Фактическое ограничение памяти (check_memory_limit): Ok
20% done
Connection to 29volt.ru:80	Success

2014-Sep-24 13:13:45 Фактическое ограничение памяти (check_memory_limit): Ok
40% done
Connection to 29volt.ru:80	Success

2014-Sep-24 13:13:45 Фактическое ограничение памяти (check_memory_limit): Ok
60% done
Connection to 29volt.ru:80	Success

2014-Sep-24 13:13:45 Фактическое ограничение памяти (check_memory_limit): Ok
80% done
Connection to 29volt.ru:80	Success

2014-Sep-24 13:13:46 Фактическое ограничение памяти (check_memory_limit): Ok
Connection to 29volt.ru:80	Success

Не менее 256 М
2014-Sep-24 13:13:46 Работа с файлами кеша (check_cache): Ok
Успешно
2014-Sep-24 13:13:46 Доступ к серверу обновлений (check_update): Ok
Успешно
2014-Sep-24 13:13:46 HTTP авторизация (check_http_auth): Ok
Connection to 29volt.ru:80	Success

Успешно
2014-Sep-24 13:13:46 Создание и запуск файла (check_exec): Ok
Connection to 29volt.ru:80	Success

Успешно
2014-Sep-24 13:13:46 Функция getimagesize для swf (check_getimagesize): Ok
Успешно
2014-Sep-24 13:13:47 Версия MySQL сервера (check_mysql_bug_version): Ok
Успешно
2014-Sep-24 13:13:48 Время на БД и веб сервере (check_mysql_time): Ok
Успешно
2014-Sep-24 13:13:48 Режим работы MySQL (check_mysql_mode): Ok
Успешно
2014-Sep-24 13:13:48 Кодировка соединения (check_mysql_connection_charset): Ok
character_set_connection=utf8, collation_connection=utf8_unicode_ci, character_set_results=utf8
Успешно
2014-Sep-24 13:13:48 Кодировка базы данных (check_mysql_db_charset): Ok
CHARSET=utf8, COLLATION=utf8_unicode_ci
Успешно
2014-Sep-24 13:13:49 Кодировки таблиц в БД (check_mysql_table_charset): Ok
Успешно
2014-Sep-24 13:13:49 Структура базы данных (check_mysql_table_structure): Ok
0% done
2014-Sep-24 13:13:51 Структура базы данных (check_mysql_table_structure): Ok
7% done
2014-Sep-24 13:13:51 Структура базы данных (check_mysql_table_structure): Ok
15% done
2014-Sep-24 13:13:51 Структура базы данных (check_mysql_table_structure): Ok
23% done
2014-Sep-24 13:13:52 Структура базы данных (check_mysql_table_structure): Ok
30% done
2014-Sep-24 13:13:54 Структура базы данных (check_mysql_table_structure): Ok
38% done
2014-Sep-24 13:13:54 Структура базы данных (check_mysql_table_structure): Ok
46% done
2014-Sep-24 13:13:54 Структура базы данных (check_mysql_table_structure): Ok
53% done
2014-Sep-24 13:14:02 Структура базы данных (check_mysql_table_structure): Ok
61% done
2014-Sep-24 13:14:02 Структура базы данных (check_mysql_table_structure): Ok
69% done
2014-Sep-24 13:14:03 Структура базы данных (check_mysql_table_structure): Ok
76% done
2014-Sep-24 13:14:05 Структура базы данных (check_mysql_table_structure): Ok
84% done
2014-Sep-24 13:14:05 Структура базы данных (check_mysql_table_structure): Ok
92% done
2014-Sep-24 13:14:06 Структура базы данных (check_mysql_table_structure): Ok
Успешно
